e:\workspace\vs2017\ffmpegrtmp\ffmpegrtmp\x64\debug\vc141.pdb
e:\workspace\vs2017\ffmpegrtmp\ffmpegrtmp\x64\debug\vc141.idb
e:\workspace\vs2017\ffmpegrtmp\ffmpegrtmp\x64\debug\ffmpegrtmp.obj
e:\workspace\vs2017\ffmpegrtmp\ffmpegrtmp\x64\debug\encode264.obj
e:\workspace\vs2017\ffmpegrtmp\ffmpegrtmp\x64\debug\camera.obj
e:\workspace\vs2017\ffmpegrtmp\ffmpegrtmp\x64\debug\ffmpegrtmp.pch
e:\workspace\vs2017\ffmpegrtmp\ffmpegrtmp\x64\debug\pch.obj
e:\workspace\vs2017\ffmpegrtmp\ffmpegrtmp\x64\debug\mux.obj
e:\workspace\vs2017\ffmpegrtmp\ffmpegrtmp\x64\debug\ffmepegmanager.obj
e:\workspace\vs2017\ffmpegrtmp\ffmpegrtmp\x64\debug\ffmpegmanager.obj
e:\workspace\vs2017\ffmpegrtmp\ffmpegrtmp\x64\debug\formattranslate.obj
e:\workspace\vs2017\ffmpegrtmp\x64\debug\ffmpegrtmp.exe
e:\workspace\vs2017\ffmpegrtmp\x64\debug\ffmpegrtmp.ilk
e:\workspace\vs2017\ffmpegrtmp\x64\debug\ffmpegrtmp.pdb
e:\workspace\vs2017\ffmpegrtmp\ffmpegrtmp\x64\debug\ffmpegrtmp.tlog\cl.command.1.tlog
e:\workspace\vs2017\ffmpegrtmp\ffmpegrtmp\x64\debug\ffmpegrtmp.tlog\cl.read.1.tlog
e:\workspace\vs2017\ffmpegrtmp\ffmpegrtmp\x64\debug\ffmpegrtmp.tlog\cl.write.1.tlog
e:\workspace\vs2017\ffmpegrtmp\ffmpegrtmp\x64\debug\ffmpegrtmp.tlog\link.command.1.tlog
e:\workspace\vs2017\ffmpegrtmp\ffmpegrtmp\x64\debug\ffmpegrtmp.tlog\link.read.1.tlog
e:\workspace\vs2017\ffmpegrtmp\ffmpegrtmp\x64\debug\ffmpegrtmp.tlog\link.write.1.tlog
